<?xml version="1.0" encoding="UTF-8"?>
<!-- Generated by org.testng.reporters.JUnitReportReporter -->
<testsuite skipped="0" hostname="Podagat-vedula" name="TryMaven.TestMaven" tests="2" failures="0" timestamp="6 Oct 2020 14:40:32 GMT" time="35.842" errors="0">
  <testcase name="login" time="17.962" classname="TryMaven.TestMaven"/>
  <testcase name="login" time="17.880" classname="TryMaven.TestMaven"/>
</testsuite> <!-- TryMaven.TestMaven -->
