<?xml version="1.0" encoding="UTF-8"?>
<!-- Generated by org.testng.reporters.JUnitReportReporter -->
<testsuite skipped="0" hostname="Podagat-vedula" name="TryMaven.TestMaven" tests="2" failures="0" timestamp="07 Oct 2020 04:23:01 GMT" time="37.908" errors="0">
  <testcase name="login" time="19.025" classname="TryMaven.TestMaven"/>
  <testcase name="login" time="18.883" classname="TryMaven.TestMaven"/>
</testsuite> <!-- TryMaven.TestMaven -->
